<?xml version="1.0" encoding="UTF-8" standalone="no"?>
<testsuite failures="0" name="cucumber.runtime.formatter.JUnitFormatter" skipped="0" tests="1" time="18.187395">
<testcase classname="Free Crm Application Test" name="Validate Free Crm Home page Test" time="18.187395">
<system-out><![CDATA[Given user opens browser....................................................passed
Then user is on login page..................................................passed
Then user enters username and password......................................passed
Then validate homepage title................................................passed
]]></system-out>
</testcase>
</testsuite>
